The system is: Windows - 10.0.19042 - AMD64
Compiling the C compiler identification source file "CMakeCCompilerId.c" succeeded.
Compiler: D:/Programs/VS/VC/Tools/MSVC/14.29.30133/bin/Hostx64/x86/cl.exe 
Build flags: 
Id flags:  

The output was:
0
用于 x86 的 Microsoft (R) C/C++ 优化编译器 19.29.30136 版
版权所有(C) Microsoft Corporation。保留所有权利。

CMakeCCompilerId.c
Microsoft (R) Incremental Linker Version 14.29.30136.0
Copyright (C) Microsoft Corporation.  All rights reserved.

/out:CMakeCCompilerId.exe 
CMakeCCompilerId.obj 


Compilation of the C compiler identification source "CMakeCCompilerId.c" produced "CMakeCCompilerId.exe"

Compilation of the C compiler identification source "CMakeCCompilerId.c" produced "CMakeCCompilerId.obj"

The C compiler identification is MSVC, found in "D:/hashtest/cmake-build-debug/CMakeFiles/3.20.2/CompilerIdC/CMakeCCompilerId.exe"

Determining if the C compiler works passed with the following output:
Change Dir: D:/hashtest/cmake-build-debug/CMakeFiles/CMakeTmp

Run Build Command(s):nmake -f Makefile /nologo cmTC_7dedc\fast && 	D:\Programs\VS\VC\Tools\MSVC\14.29.30133\bin\HostX64\x86\nmake.exe  -f CMakeFiles\cmTC_7dedc.dir\build.make /nologo -L                  CMakeFiles\cmTC_7dedc.dir\build
Building C object CMakeFiles/cmTC_7dedc.dir/testCCompiler.c.obj
	"D:\Programs\CLion 2021.2.3\bin\cmake\win\bin\cmake.exe" -E cmake_cl_compile_depends --dep-file=CMakeFiles\cmTC_7dedc.dir\testCCompiler.c.obj.d --working-dir=D:\hashtest\cmake-build-debug\CMakeFiles\CMakeTmp --filter-prefix="" -- D:\Programs\VS\VC\Tools\MSVC\14.29.30133\bin\Hostx64\x86\cl.exe @C:\Users\YESONG~1\AppData\Local\Temp\nm9708.tmp
Linking C executable cmTC_7dedc.exe
	"D:\Programs\CLion 2021.2.3\bin\cmake\win\bin\cmake.exe" -E vs_link_exe --intdir=CMakeFiles\cmTC_7dedc.dir --rc=C:\PROGRA~2\WI3CF2~1\10\bin\100190~1.0\x64\rc.exe --mt=C:\PROGRA~2\WI3CF2~1\10\bin\100190~1.0\x64\mt.exe --manifests -- D:\Programs\VS\VC\Tools\MSVC\14.29.30133\bin\Hostx64\x86\link.exe /nologo @CMakeFiles\cmTC_7dedc.dir\objects1.rsp @C:\Users\YESONG~1\AppData\Local\Temp\nm9A74.tmp



